[debug] [2023-11-30T19:32:41.759Z] ----------------------------------------------------------------------
[debug] [2023-11-30T19:32:41.805Z] Command:       C:\Program Files\nodejs\node.exe C:\Users\Thabo\AppData\Roaming\npm\node_modules\firebase-tools\lib\bin\firebase.js init
[debug] [2023-11-30T19:32:41.807Z] CLI Version:   12.9.1
[debug] [2023-11-30T19:32:41.807Z] Platform:      win32
[debug] [2023-11-30T19:32:41.808Z] Node Version:  v20.9.0
[debug] [2023-11-30T19:32:41.809Z] Time:          Thu Nov 30 2023 21:32:41 GMT+0200 (South Africa Standard Time)
[debug] [2023-11-30T19:32:41.810Z] ----------------------------------------------------------------------
[debug] 
[debug] [2023-11-30T19:32:41.826Z] >>> [apiv2][query] GET https://firebase-public.firebaseio.com/cli.json [none]
[debug] [2023-11-30T19:32:42.421Z] > command requires scopes: ["email","openid","https://www.googleapis.com/auth/cloudplatformprojects.readonly","https://www.googleapis.com/auth/firebase","https://www.googleapis.com/auth/cloud-platform"]
[debug] [2023-11-30T19:32:42.422Z] > authorizing via signed-in user (thabo.radebe.thabo@gmail.com)
[info] 
     ######## #### ########  ######## ########     ###     ######  ########
     ##        ##  ##     ## ##       ##     ##  ##   ##  ##       ##
     ######    ##  ########  ######   ########  #########  ######  ######
     ##        ##  ##    ##  ##       ##     ## ##     ##       ## ##
     ##       #### ##     ## ######## ########  ##     ##  ######  ########

You're about to initialize a Firebase project in this directory:

  D:\reat\My_WebSite_with_React-master

Before we get started, keep in mind:

  * You are initializing within an existing Firebase project directory

[debug] [2023-11-30T19:32:43.326Z] <<< [apiv2][status] GET https://firebase-public.firebaseio.com/cli.json 200
[debug] [2023-11-30T19:32:43.327Z] <<< [apiv2][body] GET https://firebase-public.firebaseio.com/cli.json {"cloudBuildErrorAfter":1594252800000,"cloudBuildWarnAfter":1590019200000,"defaultNode10After":1594252800000,"minVersion":"3.0.5","node8DeploysDisabledAfter":1613390400000,"node8RuntimeDisabledAfter":1615809600000,"node8WarnAfter":1600128000000}
[info] 
=== Project Setup
[info] 
[info] First, let's associate this project directory with a Firebase project.
[info] You can create multiple project aliases by running firebase use --add, 
[info] but for now we'll just set up a default project.
[info] 
[debug] [2023-11-30T19:42:56.903Z] Using project from CLI flag: tac-idwalalethu
[debug] [2023-11-30T19:42:56.927Z] > refreshing access token with scopes: []
[debug] [2023-11-30T19:42:56.938Z] >>> [apiv2][query] POST https://www.googleapis.com/oauth2/v3/token [none]
[debug] [2023-11-30T19:42:56.939Z] >>> [apiv2][body] POST https://www.googleapis.com/oauth2/v3/token [omitted]
[debug] [2023-11-30T19:42:57.564Z] <<< [apiv2][status] POST https://www.googleapis.com/oauth2/v3/token 200
[debug] [2023-11-30T19:42:57.566Z] <<< [apiv2][body] POST https://www.googleapis.com/oauth2/v3/token [omitted]
[debug] [2023-11-30T19:42:57.608Z] >>> [apiv2][query] GET https://firebase.googleapis.com/v1beta1/projects/tac-idwalalethu [none]
[debug] [2023-11-30T19:42:58.463Z] <<< [apiv2][status] GET https://firebase.googleapis.com/v1beta1/projects/tac-idwalalethu 200
[debug] [2023-11-30T19:42:58.465Z] <<< [apiv2][body] GET https://firebase.googleapis.com/v1beta1/projects/tac-idwalalethu {"projectId":"tac-idwalalethu","projectNumber":"546062883051","displayName":"tac-idwalalethu","name":"projects/tac-idwalalethu","resources":{"hostingSite":"tac-idwalalethu"},"state":"ACTIVE","etag":"1_b0514d30-f02f-4b21-b86b-399a4fc5618e"}
[info] i  Using project tac-idwalalethu (tac-idwalalethu) 
[info] 
=== Hosting Setup
[debug] [2023-11-30T19:42:58.516Z] >>> [apiv2][query] GET https://firebase.googleapis.com/v1beta1/projects/tac-idwalalethu [none]
[debug] [2023-11-30T19:42:58.883Z] <<< [apiv2][status] GET https://firebase.googleapis.com/v1beta1/projects/tac-idwalalethu 200
[debug] [2023-11-30T19:42:58.884Z] <<< [apiv2][body] GET https://firebase.googleapis.com/v1beta1/projects/tac-idwalalethu {"projectId":"tac-idwalalethu","projectNumber":"546062883051","displayName":"tac-idwalalethu","name":"projects/tac-idwalalethu","resources":{"hostingSite":"tac-idwalalethu"},"state":"ACTIVE","etag":"1_b0514d30-f02f-4b21-b86b-399a4fc5618e"}
[info] 
[info] Your public directory is the folder (relative to your project directory) that
[info] will contain Hosting assets to be uploaded with firebase deploy. If you
[info] have a build process for your assets, use your build's output directory.
[info] 
[info] +  Wrote bu/404.html 
[debug] [2023-12-01T08:22:42.130Z] >>> [apiv2][query] GET https://www.gstatic.com/firebasejs/releases.json [none]
[debug] [2023-12-01T08:22:43.676Z] <<< [apiv2][status] GET https://www.gstatic.com/firebasejs/releases.json 200
[debug] [2023-12-01T08:22:43.677Z] <<< [apiv2][body] GET https://www.gstatic.com/firebasejs/releases.json {"current":{"version":"10.7.0","browserURL":"https://www.gstatic.com/firebasejs/10.7.0/firebase.js","packageURL":"https://www.gstatic.com/firebasejs/10.7.0/firebase.tgz"},"live":{"version":"10.7","browserURL":"https://www.gstatic.com/firebasejs/live/10.7/firebase.js","packageURL":"https://www.gstatic.com/firebasejs/live/10.7/firebase.tgz"},"components":{"analytics":"https://www.gstatic.com/firebasejs/10.7.0/firebase-analytics.js","app":"https://www.gstatic.com/firebasejs/10.7.0/firebase-app.js","app-check":"https://www.gstatic.com/firebasejs/10.7.0/firebase-app-check.js","auth":"https://www.gstatic.com/firebasejs/10.7.0/firebase-auth.js","auth/cordova":"https://www.gstatic.com/firebasejs/10.7.0/firebase-auth/cordova.js","functions":"https://www.gstatic.com/firebasejs/10.7.0/firebase-functions.js","firestore":"https://www.gstatic.com/firebasejs/10.7.0/firebase-firestore.js","firestore/lite":"https://www.gstatic.com/firebasejs/10.7.0/firebase-firestore/lite.js","installations":"https://www.gstatic.com/firebasejs/10.7.0/firebase-installations.js","storage":"https://www.gstatic.com/firebasejs/10.7.0/firebase-storage.js","performance":"https://www.gstatic.com/firebasejs/10.7.0/firebase-performance.js","remote-config":"https://www.gstatic.com/firebasejs/10.7.0/firebase-remote-config.js","messaging":"https://www.gstatic.com/firebasejs/10.7.0/firebase-messaging.js","messaging/sw":"https://www.gstatic.com/firebasejs/10.7.0/firebase-messaging/sw.js","database":"https://www.gstatic.com/firebasejs/10.7.0/firebase-database.js","firestore.memory":"https://www.gstatic.com/firebasejs/10.7.0/firebase-firestore.memory.js"}}
[info] +  Wrote bu/index.html 
[info] 
=== Extensions Setup
[debug] [2023-12-01T08:22:44.600Z] > command requires scopes: ["email","openid","https://www.googleapis.com/auth/cloudplatformprojects.readonly","https://www.googleapis.com/auth/firebase","https://www.googleapis.com/auth/cloud-platform"]
[debug] [2023-12-01T08:22:44.607Z] > authorizing via signed-in user (thabo.radebe.thabo@gmail.com)
[debug] [2023-12-01T08:22:44.612Z] [iam] checking project tac-idwalalethu for permissions ["firebase.projects.get"]
[debug] [2023-12-01T08:22:44.623Z] > refreshing access token with scopes: []
[debug] [2023-12-01T08:22:44.629Z] >>> [apiv2][query] POST https://www.googleapis.com/oauth2/v3/token [none]
[debug] [2023-12-01T08:22:44.630Z] >>> [apiv2][body] POST https://www.googleapis.com/oauth2/v3/token [omitted]
[debug] [2023-12-01T08:22:45.904Z] <<< [apiv2][status] POST https://www.googleapis.com/oauth2/v3/token 200
[debug] [2023-12-01T08:22:45.905Z] <<< [apiv2][body] POST https://www.googleapis.com/oauth2/v3/token [omitted]
[debug] [2023-12-01T08:22:45.983Z] >>> [apiv2][query] POST https://cloudresourcemanager.googleapis.com/v1/projects/tac-idwalalethu:testIamPermissions [none]
[debug] [2023-12-01T08:22:45.983Z] >>> [apiv2][(partial)header] POST https://cloudresourcemanager.googleapis.com/v1/projects/tac-idwalalethu:testIamPermissions x-goog-quota-user=projects/tac-idwalalethu
[debug] [2023-12-01T08:22:45.983Z] >>> [apiv2][body] POST https://cloudresourcemanager.googleapis.com/v1/projects/tac-idwalalethu:testIamPermissions {"permissions":["firebase.projects.get"]}
[debug] [2023-12-01T08:22:48.229Z] <<< [apiv2][status] POST https://cloudresourcemanager.googleapis.com/v1/projects/tac-idwalalethu:testIamPermissions 200
[debug] [2023-12-01T08:22:48.230Z] <<< [apiv2][body] POST https://cloudresourcemanager.googleapis.com/v1/projects/tac-idwalalethu:testIamPermissions {"permissions":["firebase.projects.get"]}
[debug] [2023-12-01T08:22:48.245Z] >>> [apiv2][query] GET https://serviceusage.googleapis.com/v1/projects/tac-idwalalethu/services/firebaseextensions.googleapis.com [none]
[debug] [2023-12-01T08:22:48.246Z] >>> [apiv2][(partial)header] GET https://serviceusage.googleapis.com/v1/projects/tac-idwalalethu/services/firebaseextensions.googleapis.com x-goog-quota-user=projects/tac-idwalalethu
